0 info it worked if it ends with ok
1 verbose cli [ 'node', '/usr/local/bin/npm', 'run', 'coveralls' ]
2 info using npm@2.1.6
3 info using node@v0.10.33
4 verbose node symlink /usr/local/bin/node
5 verbose run-script [ 'precoveralls', 'coveralls', 'postcoveralls' ]
6 info precoveralls capstone@0.0.0
7 info coveralls capstone@0.0.0
8 verbose unsafe-perm in lifecycle true
9 info capstone@0.0.0 Failed to exec coveralls script
10 verbose stack Error: capstone@0.0.0 coveralls: `mocha test --recursive -r blanket -R mocha-lcov-reporter | coveralls`
10 verbose stack Exit status 8
10 verbose stack     at ChildProcess.<anonymous> (/usr/local/lib/node_modules/npm/lib/utils/lifecycle.js:212:16)
10 verbose stack     at ChildProcess.emit (events.js:98:17)
10 verbose stack     at maybeClose (child_process.js:756:16)
10 verbose stack     at Process.ChildProcess._handle.onexit (child_process.js:823:5)
11 verbose pkgid capstone@0.0.0
12 verbose cwd /Users/zames/Code/capstone
13 error Darwin 14.0.0
14 error argv "node" "/usr/local/bin/npm" "run" "coveralls"
15 error node v0.10.33
16 error npm  v2.1.6
17 error code ELIFECYCLE
18 error capstone@0.0.0 coveralls: `mocha test --recursive -r blanket -R mocha-lcov-reporter | coveralls`
18 error Exit status 8
19 error Failed at the capstone@0.0.0 coveralls script.
19 error This is most likely a problem with the capstone package,
19 error not with npm itself.
19 error Tell the author that this fails on your system:
19 error     mocha test --recursive -r blanket -R mocha-lcov-reporter | coveralls
19 error You can get their info via:
19 error     npm owner ls capstone
19 error There is likely additional logging output above.
20 verbose exit [ 1, true ]
